<?xml version="1.0" encoding="UTF-8"?>
<testng-results ignored="0" total="2" passed="2" failed="0" skipped="0">
  <reporter-output>
  </reporter-output>
  <suite started-at="2025-01-06T22:50:03 IST" name="Default suite" finished-at="2025-01-06T22:50:10 IST" duration-ms="6292">
    <groups>
    </groups>
    <test started-at="2025-01-06T22:50:03 IST" name="Default test" finished-at="2025-01-06T22:50:10 IST" duration-ms="6292">
      <class name="TestPage.FlightSearchTest">
        <test-method is-config="true" signature="setUp()[pri:0, instance:TestPage.FlightSearchTest@6e2829c7]" started-at="2025-01-06T22:49:58 IST" name="setUp" finished-at="2025-01-06T22:50:03 IST" duration-ms="5250" status="PASS">
          <reporter-output>
          </reporter-output>
        </test-method> <!-- setUp -->
        <test-method signature="testClosePopup()[pri:0, instance:TestPage.FlightSearchTest@6e2829c7]" started-at="2025-01-06T22:50:04 IST" name="testClosePopup" finished-at="2025-01-06T22:50:04 IST" duration-ms="283" status="PASS">
          <reporter-output>
          </reporter-output>
        </test-method> <!-- testClosePopup -->
        <test-method signature="testSearchFlights()[pri:0, instance:TestPage.FlightSearchTest@6e2829c7]" started-at="2025-01-06T22:50:04 IST" name="testSearchFlights" finished-at="2025-01-06T22:50:10 IST" duration-ms="5937" status="PASS">
          <reporter-output>
          </reporter-output>
        </test-method> <!-- testSearchFlights -->
        <test-method is-config="true" signature="Close()[pri:0, instance:TestPage.FlightSearchTest@6e2829c7]" started-at="2025-01-06T22:50:10 IST" name="Close" finished-at="2025-01-06T22:50:10 IST" duration-ms="392" status="PASS">
          <reporter-output>
          </reporter-output>
        </test-method> <!-- Close -->
      </class> <!-- TestPage.FlightSearchTest -->
    </test> <!-- Default test -->
  </suite> <!-- Default suite -->
</testng-results>
