<?xml version="1.0" encoding="UTF-8"?>
<!-- Generated by org.testng.reporters.JUnitReportReporter -->
<testsuite hostname="Er_Ankur_Sharma" failures="0" tests="1" name="crm.qa.testcases.OrderReceivedPageTest" time="9.724" errors="1" timestamp="2024-11-21T14:48:19 IST" skipped="0">
  <testcase classname="crm.qa.testcases.OrderReceivedPageTest" name="clickonButtonTest" time="9.724">
    <error message="element click intercepted: Element &lt;input type=&quot;submit&quot; class=&quot;button alt&quot; name=&quot;woocommerce_checkout_place_order&quot; id=&quot;place_order&quot; value=&quot;Place order&quot; data-value=&quot;Place order&quot;&gt; is not clickable at point (1119, 514). Other element would receive the click: &lt;span data-google-vignette=&quot;false&quot; data-google-interstitial=&quot;false&quot; style=&quot;color-scheme: initial !important; forced-color-adjust: initial !important; mask: initial !important; math-depth: initial !important; position: absolute !important; position-anchor: initial !important; text-size-adjust: initial !important; appearance: initial !important; color: rgb(26, 115, 232) !important; font: initial !important; font-palette: initial !important; font-synthesis: initial !important; position-area: initial !important; text-orientation: initial !important; text-rendering: initial !important; text-spacing-trim: initial !important; -webkit-font-smoothing: initial !important; -webkit-locale: initial !important; -webkit-text-orientation: initial !important; -webkit-writing-mode: initial !important; writing-mode: initial !important; zoom: initial !important; accent-color: initial !important; place-content: initial !important; place-items: initial !important; place-self: initial !important; alignment-baseline: initial !important; anchor-name: initial !important; anchor-scope: initial !important; animation-composition: initial !important; animation: initial !important; app-region: initial !important; aspect-ratio: initial !important; backdrop-filter: initial !important; backface-visibility: initial !important; background: initial !important; background-blend-mode: initial !important; baseline-shift: initial !important; baseline-source: initial !important; block-size: initial !important; border-block: initial !important; border: 0px !important; border-radius: initial !important; border-collapse: initial !important; border-end-end-radius: initial !important; border-end-start-radius: initial !important; border-inline: initial !important; border-start-end-radius: initial !important; border-start-start-radius: initial !important; inset: 2.5px 12px 2.5px 50px !important; box-decoration-break: initial !important; box-shadow: none !important; box-sizing: initial !important; break-after: initial !important; break-before: initial !important; break-inside: initial !important; buffered-rendering: initial !important; caption-side: initial !important; caret-color: initial !important; clear: initial !important; clip: initial !important; clip-path: initial !important; clip-rule: initial !important; color-interpolation: initial !important; color-interpolation-filters: initial !important; color-rendering: initial !important; columns: initial !important; column-fill: initial !important; gap: initial !important; column-rule: initial !important; column-span: initial !important; contain: initial !important; contain-intrinsic-block-size: initial !important; contain-intrinsic-size: initial !important; contain-intrinsic-inline-size: initial !important; container: initial !important; content: initial !important; content-visibility: initial !important; counter-increment: initial !important; counter-reset: initial !important; counter-set: initial !important; cursor: pointer !important; cx: initial !important; cy: initial !important; d: initial !important; display: flex !important; dominant-baseline: initial !important; empty-cells: initial !important; field-sizing: initial !important; fill: initial !important; fill-opacity: initial !important; fill-rule: initial !important; filter: initial !important; flex: initial !important; flex-direction: row !important; flex-wrap: initial !important; float: none !important; flood-color: initial !important; flood-opacity: initial !important; grid: initial !important; grid-area: initial !important; height: initial !important; hyphenate-character: initial !important; hyphenate-limit-chars: initial !important; hyphens: initial !important; image-orientation: initial !important; image-rendering: initial !important; initial-letter: initial !important; inline-size: initial !important; inset-block: initial !important; inset-inline: initial !important; interpolate-size: initial !important; isolation: initial !important; letter-spacing: initial !important; lighting-color: initial !important; line-break: initial !important; list-style: initial !important; margin-block: initial !important; margin: 0px !important; margin-inline: initial !important; marker: initial !important; mask-type: initial !important; math-shift: initial !important; math-style: initial !important; max-block-size: initial !important; max-height: initial !important; max-inline-size: initial !important; max-width: initial !important; min-block-size: initial !important; min-height: initial !important; min-inline-size: initial !important; min-width: initial !important; mix-blend-mode: initial !important; object-fit: initial !important; object-position: initial !important; object-view-box: initial !important; offset: initial !important; opacity: initial !important; order: initial !important; orphans: initial !important; outline: 0px !important; outline-offset: initial !important; overflow-anchor: initial !important; overflow-clip-margin: initial !important; overflow-wrap: initial !important; overflow: initial !important; overlay: initial !important; overscroll-behavior-block: initial !important; overscroll-behavior-inline: initial !important; overscroll-behavior: initial !important; padding-block: initial !important; padding: 0px !important; padding-inline: initial !important; page: initial !important; page-orientation: initial !important; paint-order: initial !important; perspective: initial !important; perspective-origin: initial !important; pointer-events: initial !important; position-try: initial !important; position-visibility: initial !important; quotes: initial !important; r: initial !important; resize: initial !important; rotate: initial !important; ruby-align: initial !important; ruby-position: initial !important; rx: initial !important; ry: initial !important; scale: initial !important; scroll-behavior: initial !important; scroll-margin-block: initial !important; scroll-margin: initial !important; scroll-margin-inline: initial !important; scroll-padding-block: initial !important; scroll-padding: initial !important; scroll-padding-inline: initial !important; scroll-snap-align: initial !important; scroll-snap-stop: initial !important; scroll-snap-type: initial !important; scroll-timeline: initial !important; scrollbar-color: initial !important; scrollbar-gutter: initial !important; scrollbar-width: initial !important; shape-image-threshold: initial !important; shape-margin: initial !important; shape-outside: initial !important; shape-rendering: initial !important; size: initial !important; speak: initial !important; stop-color: initial !important; stop-opacity: initial !important; stroke: initial !important; stroke-dasharray: initial !important; stroke-dashoffset: initial !important; stroke-linecap: initial !important; stroke-linejoin: initial !important; stroke-miterlimit: initial !important; stroke-opacity: initial !important; stroke-width: initial !important; tab-size: initial !important; table-layout: initial !important; text-align: initial !important; text-align-last: initial !important; text-anchor: initial !important; text-combine-upright: initial !important; text-decoration: initial !important; text-decoration-skip-ink: initial !important; text-emphasis: initial !important; text-emphasis-position: initial !important; text-indent: initial !important; text-overflow: initial !important; text-shadow: initial !important; text-transform: initial !important; text-underline-offset: initial !important; text-underline-position: initial !important; text-wrap: initial !important; timeline-scope: initial !important; touch-action: initial !important; transform: initial !important; transform-box: initial !important; transform-origin: initial !important; transform-style: initial !important; transition: width 5s !important; translate: initial !important; user-select: initial !important; vector-effect: initial !important; vertical-align: initial !important; view-timeline: initial !important; view-transition-class: initial !important; view-transition-name: initial !important; visibility: initial !important; border-spacing: initial !important; -webkit-box-align: initial !important; -webkit-box-decoration-break: initial !important; -webkit-box-direction: initial !important; -webkit-box-flex: initial !important; -webkit-box-ordinal-group: initial !important; -webkit-box-orient: initial !important; -webkit-box-pack: initial !important; -webkit-box-reflect: initial !important; -webkit-line-break: initial !important; -webkit-line-clamp: initial !important; -webkit-mask-box-image: initial !important; -webkit-print-color-adjust: initial !important; -webkit-rtl-ordering: initial !important; -webkit-ruby-position: initial !important; -webkit-tap-highlight-color: initial !important; -webkit-text-combine: initial !important; -webkit-text-decorations-in-effect: initial !important; -webkit-text-fill-color: unset !important; -webkit-text-security: initial !important; -webkit-text-stroke: initial !important; -webkit-user-drag: initial !important; white-space-collapse: initial !important; widows: initial !important; width: initial !important; will-change: initial !important; word-break: initial !important; word-spacing: initial !important; x: initial !important; y: initial !important; z-index: initial !important;&quot;&gt;...&lt;/span&gt;
  (Session info: chrome=131.0.6778.70)
Build info: version: &#039;4.24.0&#039;, revision: &#039;748ffc9bc3&#039;
System info: os.name: &#039;Windows 11&#039;, os.arch: &#039;amd64&#039;, os.version: &#039;10.0&#039;, java.version: &#039;21.0.4&#039;
Driver info: org.openqa.selenium.chrome.ChromeDriver
Command: [1383fa95c9cefcaa54feb45f6443db2c, clickElement {id=f.C562CEEFAAC1BB06C7F9AA28AE7BF469.d.AB7776CE444BF6364815D8505F886522.e.260}]
Capabilities {acceptInsecureCerts: false, browserName: chrome, browserVersion: 131.0.6778.70, chrome: {chromedriverVersion: 130.0.6723.116 (6ac35f94ae3..., userDataDir: C:\Users\ankur\AppData\Loca...}, fedcm:accounts: true, goog:chromeOptions: {debuggerAddress: localhost:49719}, networkConnectionEnabled: false, pageLoadStrategy: normal, platformName: windows, proxy: Proxy(), se:cdp: ws://localhost:49719/devtoo..., se:cdpVersion: 131.0.6778.70, setWindowRect: true, strictFileInteractability: false, timeouts: {implicit: 0, pageLoad: 300000, script: 30000}, unhandledPromptBehavior: dismiss and notify, webauthn:extension:credBlob: true, webauthn:extension:largeBlob: true, webauthn:extension:minPinLength: true, webauthn:extension:prf: true, webauthn:virtualAuthenticators: true}
Element: [[ChromeDriver: chrome on windows (1383fa95c9cefcaa54feb45f6443db2c)] -&gt; xpath: (//input[@id=&#039;place_order&#039;])[1]]
Session ID: 1383fa95c9cefcaa54feb45f6443db2c" type="org.openqa.selenium.ElementClickInterceptedException">
      <![CDATA[org.openqa.selenium.ElementClickInterceptedException: element click intercepted: Element <input type="submit" class="button alt" name="woocommerce_checkout_place_order" id="place_order" value="Place order" data-value="Place order"> is not clickable at point (1119, 514). Other element would receive the click: <span data-google-vignette="false" data-google-interstitial="false" style="color-scheme: initial !important; forced-color-adjust: initial !important; mask: initial !important; math-depth: initial !important; position: absolute !important; position-anchor: initial !important; text-size-adjust: initial !important; appearance: initial !important; color: rgb(26, 115, 232) !important; font: initial !important; font-palette: initial !important; font-synthesis: initial !important; position-area: initial !important; text-orientation: initial !important; text-rendering: initial !important; text-spacing-trim: initial !important; -webkit-font-smoothing: initial !important; -webkit-locale: initial !important; -webkit-text-orientation: initial !important; -webkit-writing-mode: initial !important; writing-mode: initial !important; zoom: initial !important; accent-color: initial !important; place-content: initial !important; place-items: initial !important; place-self: initial !important; alignment-baseline: initial !important; anchor-name: initial !important; anchor-scope: initial !important; animation-composition: initial !important; animation: initial !important; app-region: initial !important; aspect-ratio: initial !important; backdrop-filter: initial !important; backface-visibility: initial !important; background: initial !important; background-blend-mode: initial !important; baseline-shift: initial !important; baseline-source: initial !important; block-size: initial !important; border-block: initial !important; border: 0px !important; border-radius: initial !important; border-collapse: initial !important; border-end-end-radius: initial !important; border-end-start-radius: initial !important; border-inline: initial !important; border-start-end-radius: initial !important; border-start-start-radius: initial !important; inset: 2.5px 12px 2.5px 50px !important; box-decoration-break: initial !important; box-shadow: none !important; box-sizing: initial !important; break-after: initial !important; break-before: initial !important; break-inside: initial !important; buffered-rendering: initial !important; caption-side: initial !important; caret-color: initial !important; clear: initial !important; clip: initial !important; clip-path: initial !important; clip-rule: initial !important; color-interpolation: initial !important; color-interpolation-filters: initial !important; color-rendering: initial !important; columns: initial !important; column-fill: initial !important; gap: initial !important; column-rule: initial !important; column-span: initial !important; contain: initial !important; contain-intrinsic-block-size: initial !important; contain-intrinsic-size: initial !important; contain-intrinsic-inline-size: initial !important; container: initial !important; content: initial !important; content-visibility: initial !important; counter-increment: initial !important; counter-reset: initial !important; counter-set: initial !important; cursor: pointer !important; cx: initial !important; cy: initial !important; d: initial !important; display: flex !important; dominant-baseline: initial !important; empty-cells: initial !important; field-sizing: initial !important; fill: initial !important; fill-opacity: initial !important; fill-rule: initial !important; filter: initial !important; flex: initial !important; flex-direction: row !important; flex-wrap: initial !important; float: none !important; flood-color: initial !important; flood-opacity: initial !important; grid: initial !important; grid-area: initial !important; height: initial !important; hyphenate-character: initial !important; hyphenate-limit-chars: initial !important; hyphens: initial !important; image-orientation: initial !important; image-rendering: initial !important; initial-letter: initial !important; inline-size: initial !important; inset-block: initial !important; inset-inline: initial !important; interpolate-size: initial !important; isolation: initial !important; letter-spacing: initial !important; lighting-color: initial !important; line-break: initial !important; list-style: initial !important; margin-block: initial !important; margin: 0px !important; margin-inline: initial !important; marker: initial !important; mask-type: initial !important; math-shift: initial !important; math-style: initial !important; max-block-size: initial !important; max-height: initial !important; max-inline-size: initial !important; max-width: initial !important; min-block-size: initial !important; min-height: initial !important; min-inline-size: initial !important; min-width: initial !important; mix-blend-mode: initial !important; object-fit: initial !important; object-position: initial !important; object-view-box: initial !important; offset: initial !important; opacity: initial !important; order: initial !important; orphans: initial !important; outline: 0px !important; outline-offset: initial !important; overflow-anchor: initial !important; overflow-clip-margin: initial !important; overflow-wrap: initial !important; overflow: initial !important; overlay: initial !important; overscroll-behavior-block: initial !important; overscroll-behavior-inline: initial !important; overscroll-behavior: initial !important; padding-block: initial !important; padding: 0px !important; padding-inline: initial !important; page: initial !important; page-orientation: initial !important; paint-order: initial !important; perspective: initial !important; perspective-origin: initial !important; pointer-events: initial !important; position-try: initial !important; position-visibility: initial !important; quotes: initial !important; r: initial !important; resize: initial !important; rotate: initial !important; ruby-align: initial !important; ruby-position: initial !important; rx: initial !important; ry: initial !important; scale: initial !important; scroll-behavior: initial !important; scroll-margin-block: initial !important; scroll-margin: initial !important; scroll-margin-inline: initial !important; scroll-padding-block: initial !important; scroll-padding: initial !important; scroll-padding-inline: initial !important; scroll-snap-align: initial !important; scroll-snap-stop: initial !important; scroll-snap-type: initial !important; scroll-timeline: initial !important; scrollbar-color: initial !important; scrollbar-gutter: initial !important; scrollbar-width: initial !important; shape-image-threshold: initial !important; shape-margin: initial !important; shape-outside: initial !important; shape-rendering: initial !important; size: initial !important; speak: initial !important; stop-color: initial !important; stop-opacity: initial !important; stroke: initial !important; stroke-dasharray: initial !important; stroke-dashoffset: initial !important; stroke-linecap: initial !important; stroke-linejoin: initial !important; stroke-miterlimit: initial !important; stroke-opacity: initial !important; stroke-width: initial !important; tab-size: initial !important; table-layout: initial !important; text-align: initial !important; text-align-last: initial !important; text-anchor: initial !important; text-combine-upright: initial !important; text-decoration: initial !important; text-decoration-skip-ink: initial !important; text-emphasis: initial !important; text-emphasis-position: initial !important; text-indent: initial !important; text-overflow: initial !important; text-shadow: initial !important; text-transform: initial !important; text-underline-offset: initial !important; text-underline-position: initial !important; text-wrap: initial !important; timeline-scope: initial !important; touch-action: initial !important; transform: initial !important; transform-box: initial !important; transform-origin: initial !important; transform-style: initial !important; transition: width 5s !important; translate: initial !important; user-select: initial !important; vector-effect: initial !important; vertical-align: initial !important; view-timeline: initial !important; view-transition-class: initial !important; view-transition-name: initial !important; visibility: initial !important; border-spacing: initial !important; -webkit-box-align: initial !important; -webkit-box-decoration-break: initial !important; -webkit-box-direction: initial !important; -webkit-box-flex: initial !important; -webkit-box-ordinal-group: initial !important; -webkit-box-orient: initial !important; -webkit-box-pack: initial !important; -webkit-box-reflect: initial !important; -webkit-line-break: initial !important; -webkit-line-clamp: initial !important; -webkit-mask-box-image: initial !important; -webkit-print-color-adjust: initial !important; -webkit-rtl-ordering: initial !important; -webkit-ruby-position: initial !important; -webkit-tap-highlight-color: initial !important; -webkit-text-combine: initial !important; -webkit-text-decorations-in-effect: initial !important; -webkit-text-fill-color: unset !important; -webkit-text-security: initial !important; -webkit-text-stroke: initial !important; -webkit-user-drag: initial !important; white-space-collapse: initial !important; widows: initial !important; width: initial !important; will-change: initial !important; word-break: initial !important; word-spacing: initial !important; x: initial !important; y: initial !important; z-index: initial !important;">...</span>
  (Session info: chrome=131.0.6778.70)
Build info: version: '4.24.0', revision: '748ffc9bc3'
System info: os.name: 'Windows 11', os.arch: 'amd64', os.version: '10.0', java.version: '21.0.4'
Driver info: org.openqa.selenium.chrome.ChromeDriver
Command: [1383fa95c9cefcaa54feb45f6443db2c, clickElement {id=f.C562CEEFAAC1BB06C7F9AA28AE7BF469.d.AB7776CE444BF6364815D8505F886522.e.260}]
Capabilities {acceptInsecureCerts: false, browserName: chrome, browserVersion: 131.0.6778.70, chrome: {chromedriverVersion: 130.0.6723.116 (6ac35f94ae3..., userDataDir: C:\Users\ankur\AppData\Loca...}, fedcm:accounts: true, goog:chromeOptions: {debuggerAddress: localhost:49719}, networkConnectionEnabled: false, pageLoadStrategy: normal, platformName: windows, proxy: Proxy(), se:cdp: ws://localhost:49719/devtoo..., se:cdpVersion: 131.0.6778.70, setWindowRect: true, strictFileInteractability: false, timeouts: {implicit: 0, pageLoad: 300000, script: 30000}, unhandledPromptBehavior: dismiss and notify, webauthn:extension:credBlob: true, webauthn:extension:largeBlob: true, webauthn:extension:minPinLength: true, webauthn:extension:prf: true, webauthn:virtualAuthenticators: true}
Element: [[ChromeDriver: chrome on windows (1383fa95c9cefcaa54feb45f6443db2c)] -> xpath: (//input[@id='place_order'])[1]]
Session ID: 1383fa95c9cefcaa54feb45f6443db2c
at java.base/jdk.internal.reflect.DirectConstructorHandleAccessor.newInstance(DirectConstructorHandleAccessor.java:62)
at java.base/java.lang.reflect.Constructor.newInstanceWithCaller(Constructor.java:502)
at java.base/java.lang.reflect.Constructor.newInstance(Constructor.java:486)
at org.openqa.selenium.remote.ErrorCodec.decode(ErrorCodec.java:167)
at org.openqa.selenium.remote.codec.w3c.W3CHttpResponseCodec.decode(W3CHttpResponseCodec.java:138)
at org.openqa.selenium.remote.codec.w3c.W3CHttpResponseCodec.decode(W3CHttpResponseCodec.java:50)
at org.openqa.selenium.remote.HttpCommandExecutor.execute(HttpCommandExecutor.java:190)
at org.openqa.selenium.remote.service.DriverCommandExecutor.invokeExecute(DriverCommandExecutor.java:216)
at org.openqa.selenium.remote.service.DriverCommandExecutor.execute(DriverCommandExecutor.java:174)
at org.openqa.selenium.remote.RemoteWebDriver.execute(RemoteWebDriver.java:545)
at org.openqa.selenium.remote.RemoteWebElement.execute(RemoteWebElement.java:223)
at org.openqa.selenium.remote.RemoteWebElement.click(RemoteWebElement.java:76)
at java.base/jdk.internal.reflect.DirectMethodHandleAccessor.invoke(DirectMethodHandleAccessor.java:103)
at java.base/java.lang.reflect.Method.invoke(Method.java:580)
at org.openqa.selenium.support.pagefactory.internal.LocatingElementHandler.invoke(LocatingElementHandler.java:51)
at jdk.proxy2/jdk.proxy2.$Proxy12.click(Unknown Source)
at crm.qa.pages.CheckoutPage.FillDetails(CheckoutPage.java:62)
at crm.qa.testcases.OrderReceivedPageTest.clickonButtonTest(OrderReceivedPageTest.java:46)
at java.base/jdk.internal.reflect.DirectMethodHandleAccessor.invoke(DirectMethodHandleAccessor.java:103)
at java.base/java.lang.reflect.Method.invoke(Method.java:580)
at org.testng.internal.invokers.MethodInvocationHelper.invokeMethod(MethodInvocationHelper.java:141)
at org.testng.internal.invokers.TestInvoker.invokeMethod(TestInvoker.java:686)
at org.testng.internal.invokers.TestInvoker.invokeTestMethod(TestInvoker.java:230)
at org.testng.internal.invokers.MethodRunner.runInSequence(MethodRunner.java:63)
at org.testng.internal.invokers.TestInvoker$MethodInvocationAgent.invoke(TestInvoker.java:992)
at org.testng.internal.invokers.TestInvoker.invokeTestMethods(TestInvoker.java:203)
at org.testng.internal.invokers.TestMethodWorker.invokeTestMethods(TestMethodWorker.java:154)
at org.testng.internal.invokers.TestMethodWorker.run(TestMethodWorker.java:134)
at java.base/java.util.ArrayList.forEach(ArrayList.java:1596)
at org.testng.TestRunner.privateRun(TestRunner.java:739)
at org.testng.TestRunner.run(TestRunner.java:614)
at org.testng.SuiteRunner.runTest(SuiteRunner.java:421)
at org.testng.SuiteRunner.runSequentially(SuiteRunner.java:413)
at org.testng.SuiteRunner.privateRun(SuiteRunner.java:373)
at org.testng.SuiteRunner.run(SuiteRunner.java:312)
at org.testng.SuiteRunnerWorker.runSuite(SuiteRunnerWorker.java:52)
at org.testng.SuiteRunnerWorker.run(SuiteRunnerWorker.java:95)
at org.testng.TestNG.runSuitesSequentially(TestNG.java:1274)
at org.testng.TestNG.runSuitesLocally(TestNG.java:1208)
at org.testng.TestNG.runSuites(TestNG.java:1112)
at org.testng.TestNG.run(TestNG.java:1079)
at org.testng.remote.AbstractRemoteTestNG.run(AbstractRemoteTestNG.java:115)
at org.testng.remote.RemoteTestNG.initAndRun(RemoteTestNG.java:293)
at org.testng.remote.RemoteTestNG.main(RemoteTestNG.java:91)
]]>
    </error>
  </testcase> <!-- clickonButtonTest -->
</testsuite> <!-- crm.qa.testcases.OrderReceivedPageTest -->
